Traceback (most recent call last):
  File "C:\teddy\envs\ml_venv\lib\site-packages\jupyter_cache\executors\utils.py", line 58, in single_nb_execution
    executenb(
  File "C:\teddy\envs\ml_venv\lib\site-packages\nbclient\client.py", line 1314, in execute
    return NotebookClient(nb=nb, resources=resources, km=km, **kwargs).execute()
  File "C:\teddy\envs\ml_venv\lib\site-packages\jupyter_core\utils\__init__.py", line 165, in wrapped
    return loop.run_until_complete(inner)
  File "C:\teddy\envs\ml_venv\lib\asyncio\base_events.py", line 647, in run_until_complete
    return future.result()
  File "C:\teddy\envs\ml_venv\lib\site-packages\nbclient\client.py", line 709, in async_execute
    await self.async_execute_cell(
  File "C:\teddy\envs\ml_venv\lib\site-packages\nbclient\client.py", line 1062, in async_execute_cell
    await self._check_raise_for_error(cell, cell_index, exec_reply)
  File "C:\teddy\envs\ml_venv\lib\site-packages\nbclient\client.py", line 918, in _check_raise_for_error
    raise CellExecutionError.from_cell_and_msg(cell, exec_reply_content)
nbclient.exceptions.CellExecutionError: An error occurred while executing the following cell:
------------------
!pip install ace
!pip install arch
import yfinance as yf
import pandas as pd
import numpy as np
import statsmodels.api as sm
from statsmodels.graphics.tsaplots import plot_acf as Autocorrelation, plot_pacf as ParcialAutocorrelation
from statsmodels.tsa.stattools import adfuller as A_DickeyFuller
from sklearn.metrics import mean_absolute_percentage_error, mean_squared_error, r2_score
from tensorflow.keras.layers import LSTM
from tensorflow.keras.models import Sequential
from tensorflow.keras.layers import Dense
from sklearn.preprocessing import MinMaxScaler
import plotly.express as px
import plotly.graph_objs as go
import matplotlib.pyplot as plt
import warnings
import seaborn as sns
from arch import arch_model
from statsmodels.tsa.api import SimpleExpSmoothing, ExponentialSmoothing, ARIMA
from statsmodels.stats.diagnostic import acorr_ljungbox
from scipy.stats import jarque_bera, skew, kurtosis
import itertools
btc_data = yf.download('BTC-USD', start='2017-11-09', end='2023-05-07')
btc_data.head()
------------------

----- stdout -----
Requirement already satisfied: ace in c:\teddy\envs\ml_venv\lib\site-packages (0.3.3)
Requirement already satisfied: numpy in c:\teddy\envs\ml_venv\lib\site-packages (from ace) (1.26.4)
Requirement already satisfied: scipy>=0.17 in c:\teddy\envs\ml_venv\lib\site-packages (from ace) (1.13.1)
----- stdout -----
Requirement already satisfied: arch in c:\teddy\envs\ml_venv\lib\site-packages (7.0.0)
Requirement already satisfied: numpy>=1.22.3 in c:\teddy\envs\ml_venv\lib\site-packages (from arch) (1.26.4)
Requirement already satisfied: scipy>=1.8 in c:\teddy\envs\ml_venv\lib\site-packages (from arch) (1.13.1)
Requirement already satisfied: pandas>=1.4 in c:\teddy\envs\ml_venv\lib\site-packages (from arch) (2.2.2)
Requirement already satisfied: statsmodels>=0.12 in c:\teddy\envs\ml_venv\lib\site-packages (from arch) (0.14.2)
Requirement already satisfied: python-dateutil>=2.8.2 in c:\teddy\envs\ml_venv\lib\site-packages (from pandas>=1.4->arch) (2.9.0.post0)
Requirement already satisfied: pytz>=2020.1 in c:\teddy\envs\ml_venv\lib\site-packages (from pandas>=1.4->arch) (2024.1)
Requirement already satisfied: tzdata>=2022.7 in c:\teddy\envs\ml_venv\lib\site-packages (from pandas>=1.4->arch) (2024.1)
Requirement already satisfied: patsy>=0.5.6 in c:\teddy\envs\ml_venv\lib\site-packages (from statsmodels>=0.12->arch) (0.5.6)
Requirement already satisfied: packaging>=21.3 in c:\teddy\envs\ml_venv\lib\site-packages (from statsmodels>=0.12->arch) (24.0)
Requirement already satisfied: six in c:\teddy\envs\ml_venv\lib\site-packages (from patsy>=0.5.6->statsmodels>=0.12->arch) (1.16.0)
------------------

[1;31m---------------------------------------------------------------------------[0m
[1;31mModuleNotFoundError[0m                       Traceback (most recent call last)
Cell [1;32mIn[1], line 9[0m
[0;32m      7[0m [38;5;28;01mfrom[39;00m [38;5;21;01mstatsmodels[39;00m[38;5;21;01m.[39;00m[38;5;21;01mgraphics[39;00m[38;5;21;01m.[39;00m[38;5;21;01mtsaplots[39;00m [38;5;28;01mimport[39;00m plot_acf [38;5;28;01mas[39;00m Autocorrelation, plot_pacf [38;5;28;01mas[39;00m ParcialAutocorrelation
[0;32m      8[0m [38;5;28;01mfrom[39;00m [38;5;21;01mstatsmodels[39;00m[38;5;21;01m.[39;00m[38;5;21;01mtsa[39;00m[38;5;21;01m.[39;00m[38;5;21;01mstattools[39;00m [38;5;28;01mimport[39;00m adfuller [38;5;28;01mas[39;00m A_DickeyFuller
[1;32m----> 9[0m [38;5;28;01mfrom[39;00m [38;5;21;01msklearn[39;00m[38;5;21;01m.[39;00m[38;5;21;01mmetrics[39;00m [38;5;28;01mimport[39;00m mean_absolute_percentage_error, mean_squared_error, r2_score
[0;32m     10[0m [38;5;28;01mfrom[39;00m [38;5;21;01mtensorflow[39;00m[38;5;21;01m.[39;00m[38;5;21;01mkeras[39;00m[38;5;21;01m.[39;00m[38;5;21;01mlayers[39;00m [38;5;28;01mimport[39;00m LSTM
[0;32m     11[0m [38;5;28;01mfrom[39;00m [38;5;21;01mtensorflow[39;00m[38;5;21;01m.[39;00m[38;5;21;01mkeras[39;00m[38;5;21;01m.[39;00m[38;5;21;01mmodels[39;00m [38;5;28;01mimport[39;00m Sequential

[1;31mModuleNotFoundError[0m: No module named 'sklearn'

